Added Component: Designator=C1(CAPPRD500W60D1025H2150)
Add component (AddParameter): Name = "Arrow Part Number"; Value = "UCS2G100MPD1TD"; VariantName = "[No Variations]"
Add component (AddParameter): Name = "Arrow Price/Stock"; Value = "https://www.arrow.com/en/products/ucs2g100mpd1td/nichicon"; VariantName = "[No Variations]"
Add component (AddParameter): Name = "Datasheet Link"; Value = "http://nichicon-us.com/english/products/pdfs/e-ucs.pdf"; VariantName = "[No Variations]"
Add component (AddParameter): Name = "Height"; Value = "21.5mm"; VariantName = "[No Variations]"
Add component (AddParameter): Name = "Manufacturer_Name"; Value = "Nichicon"; VariantName = "[No Variations]"
Add component (AddParameter): Name = "Manufacturer_Part_Number"; Value = "UCS2G100MPD1TD"; VariantName = "[No Variations]"
Add component (AddParameter): Name = "Mouser Part Number"; Value = "647-UCS2G100MPD1TD"; VariantName = "[No Variations]"
Add component (AddParameter): Name = "Mouser Price/Stock"; Value = "https://www.mouser.co.uk/ProductDetail/Nichicon/UCS2G100MPD1TD?qs=qJYTfuAnAfodP803qrfaZA%3D%3D"; VariantName = "[No Variations]"
Added Component: Designator=C2(D102K20Y5PH63J5R)
Add component (AddParameter): Name = "Arrow Part Number"; Value = "D102K20Y5PH63J5R"; VariantName = "[No Variations]"
Add component (AddParameter): Name = "Arrow Price/Stock"; Value = "https://www.arrow.com/en/products/d102k20y5ph63j5r/vishay"; VariantName = "[No Variations]"
Add component (AddParameter): Name = "Datasheet Link"; Value = "https://componentsearchengine.com/Datasheets/2/D102K20Y5PH63J5R.pdf"; VariantName = "[No Variations]"
Add component (AddParameter): Name = "Height"; Value = "9mm"; VariantName = "[No Variations]"
Add component (AddParameter): Name = "Manufacturer_Name"; Value = "Vishay"; VariantName = "[No Variations]"
Add component (AddParameter): Name = "Manufacturer_Part_Number"; Value = "D102K20Y5PH63J5R"; VariantName = "[No Variations]"
Add component (AddParameter): Name = "Mouser Part Number"; Value = "594-D102K20Y5PH63J5R"; VariantName = "[No Variations]"
Add component (AddParameter): Name = "Mouser Price/Stock"; Value = "https://www.mouser.co.uk/ProductDetail/Vishay-BC-Components/D102K20Y5PH63J5R?qs=4byTeOu1NPHpy4BomGS2Ig%3D%3D"; VariantName = "[No Variations]"
Added Component: Designator=C3(CAPPRD500W60D1025H2150)
Add component (AddParameter): Name = "Arrow Part Number"; Value = "UCS2G100MPD1TD"; VariantName = "[No Variations]"
Add component (AddParameter): Name = "Arrow Price/Stock"; Value = "https://www.arrow.com/en/products/ucs2g100mpd1td/nichicon"; VariantName = "[No Variations]"
Add component (AddParameter): Name = "Datasheet Link"; Value = "http://nichicon-us.com/english/products/pdfs/e-ucs.pdf"; VariantName = "[No Variations]"
Add component (AddParameter): Name = "Height"; Value = "21.5mm"; VariantName = "[No Variations]"
Add component (AddParameter): Name = "Manufacturer_Name"; Value = "Nichicon"; VariantName = "[No Variations]"
Add component (AddParameter): Name = "Manufacturer_Part_Number"; Value = "UCS2G100MPD1TD"; VariantName = "[No Variations]"
Add component (AddParameter): Name = "Mouser Part Number"; Value = "647-UCS2G100MPD1TD"; VariantName = "[No Variations]"
Add component (AddParameter): Name = "Mouser Price/Stock"; Value = "https://www.mouser.co.uk/ProductDetail/Nichicon/UCS2G100MPD1TD?qs=qJYTfuAnAfodP803qrfaZA%3D%3D"; VariantName = "[No Variations]"
Added Component: Designator=J1(SAMTEC_TS-102-T-A)
Add component (AddParameter): Name = "Arrow Part Number"; Value = "TS-102-T-A"; VariantName = "[No Variations]"
Add component (AddParameter): Name = "Arrow Price/Stock"; Value = "https://www.arrow.com/en/products/ts-102-t-a/samtec?region=nac"; VariantName = "[No Variations]"
Add component (AddParameter): Name = "Datasheet Link"; Value = ""; VariantName = "[No Variations]"
Add component (AddParameter): Name = "Manufacturer_Name"; Value = "SAMTEC"; VariantName = "[No Variations]"
Add component (AddParameter): Name = "Manufacturer_Part_Number"; Value = "TS-102-T-A"; VariantName = "[No Variations]"
Add component (AddParameter): Name = "Mouser Part Number"; Value = "200-TS102TA"; VariantName = "[No Variations]"
Add component (AddParameter): Name = "Mouser Price/Stock"; Value = "https://www.mouser.co.uk/ProductDetail/Samtec/TS-102-T-A?qs=0lQeLiL1qyYw%2F4U%252Bgf8JTQ%3D%3D"; VariantName = "[No Variations]"
Added Component: Designator=LED1(125410SURTS530A3)
Add component (AddParameter): Name = "Arrow Part Number"; Value = "1254-10SURT/S530-A3"; VariantName = "[No Variations]"
Add component (AddParameter): Name = "Arrow Price/Stock"; Value = "https://www.arrow.com/en/products/1254-10surts530-a3/everlight-electronics?region=nac"; VariantName = "[No Variations]"
Add component (AddParameter): Name = "Datasheet Link"; Value = "https://datasheet.datasheetarchive.com/originals/distributors/Datasheets-3/DSA-55877.pdf"; VariantName = "[No Variations]"
Add component (AddParameter): Name = "Height"; Value = "5.2mm"; VariantName = "[No Variations]"
Add component (AddParameter): Name = "Manufacturer_Name"; Value = "Everlight"; VariantName = "[No Variations]"
Add component (AddParameter): Name = "Manufacturer_Part_Number"; Value = "1254-10SURT/S530-A3"; VariantName = "[No Variations]"
Add component (AddParameter): Name = "Mouser Part Number"; Value = ""; VariantName = "[No Variations]"
Add component (AddParameter): Name = "Mouser Price/Stock"; Value = ""; VariantName = "[No Variations]"
Added Component: Designator=R1(RESAD2990W85L1150D460)
Add component (AddParameter): Name = "Arrow Part Number"; Value = "PNP300JR-73-100R"; VariantName = "[No Variations]"
Add component (AddParameter): Name = "Arrow Price/Stock"; Value = "https://www.arrow.com/en/products/pnp300jr-73-100r/yageo"; VariantName = "[No Variations]"
Add component (AddParameter): Name = "Datasheet Link"; Value = "https://www.yageo.com/upload/media/product/productsearch/datasheet/lr/YAGEO%20PNP_datasheet_2021v0.pdf"; VariantName = "[No Variations]"
Add component (AddParameter): Name = "Manufacturer_Name"; Value = "KEMET"; VariantName = "[No Variations]"
Add component (AddParameter): Name = "Manufacturer_Part_Number"; Value = "PNP300JR-73-100R"; VariantName = "[No Variations]"
Add component (AddParameter): Name = "Mouser Part Number"; Value = "603-PNP300JR-73-100R"; VariantName = "[No Variations]"
Add component (AddParameter): Name = "Mouser Price/Stock"; Value = "https://www.mouser.com/Search/Refine.aspx?Keyword=603-PNP300JR-73-100R"; VariantName = "[No Variations]"
Added Component: Designator=R2(RESAD1930W63L850D270)
Add component (AddParameter): Name = "Arrow Part Number"; Value = ""; VariantName = "[No Variations]"
Add component (AddParameter): Name = "Arrow Price/Stock"; Value = ""; VariantName = "[No Variations]"
Add component (AddParameter): Name = "Datasheet Link"; Value = "https://cs.seielect.com/catalog/SEI-CF_CFM.pdf"; VariantName = "[No Variations]"
Add component (AddParameter): Name = "Manufacturer_Name"; Value = "Stackpole Electronics"; VariantName = "[No Variations]"
Add component (AddParameter): Name = "Manufacturer_Part_Number"; Value = "CF12JT1K00"; VariantName = "[No Variations]"
Add component (AddParameter): Name = "Mouser Part Number"; Value = "708-CF12JT1K00"; VariantName = "[No Variations]"
Add component (AddParameter): Name = "Mouser Price/Stock"; Value = "https://www.mouser.co.uk/ProductDetail/SEI-Stackpole/CF12JT1K00?qs=FESYatJ8odK%252BPjfs7xH%2FCA%3D%3D"; VariantName = "[No Variations]"
Added Component: Designator=R3(RESAD1520W63L600D230)
Add component (AddParameter): Name = "Arrow Part Number"; Value = "CF14JT22K0"; VariantName = "[No Variations]"
Add component (AddParameter): Name = "Arrow Price/Stock"; Value = "https://www.arrow.com/en/products/cf14jt22k0/stackpole-electronics"; VariantName = "[No Variations]"
Add component (AddParameter): Name = "Datasheet Link"; Value = "https://cs.seielect.com/catalog/SEI-CF_CFM.pdf"; VariantName = "[No Variations]"
Add component (AddParameter): Name = "Manufacturer_Name"; Value = "Stackpole Electronics"; VariantName = "[No Variations]"
Add component (AddParameter): Name = "Manufacturer_Part_Number"; Value = "CF14JT22K0"; VariantName = "[No Variations]"
Add component (AddParameter): Name = "Mouser Part Number"; Value = ""; VariantName = "[No Variations]"
Add component (AddParameter): Name = "Mouser Price/Stock"; Value = ""; VariantName = "[No Variations]"
Added Component: Designator=xx555(SOIC127P780X200-8N)
Add component (AddParameter): Name = "Arrow Part Number"; Value = "NE555PSRE4"; VariantName = "[No Variations]"
Add component (AddParameter): Name = "Arrow Price/Stock"; Value = "https://www.arrow.com/en/products/ne555psre4/texas-instruments"; VariantName = "[No Variations]"
Add component (AddParameter): Name = "Datasheet Link"; Value = "http://www.ti.com/lit/ds/symlink/ne555.pdf"; VariantName = "[No Variations]"
Add component (AddParameter): Name = "Height"; Value = "2mm"; VariantName = "[No Variations]"
Add component (AddParameter): Name = "Manufacturer_Name"; Value = "Texas Instruments"; VariantName = "[No Variations]"
Add component (AddParameter): Name = "Manufacturer_Part_Number"; Value = "NE555PSRE4"; VariantName = "[No Variations]"
Add component (AddParameter): Name = "Mouser Part Number"; Value = "595-NE555PSRE4"; VariantName = "[No Variations]"
Add component (AddParameter): Name = "Mouser Price/Stock"; Value = "https://www.mouser.co.uk/ProductDetail/Texas-Instruments/NE555PSRE4?qs=rLYyFdxB%2FmqTKEcMFJ%252BBIw%3D%3D"; VariantName = "[No Variations]"
Added Pin To Net: NetName=5V Pin=C1-1
Added Pin To Net: NetName=5V Pin=J1-1
Added Pin To Net: NetName=5V Pin=LED1-1
Added Pin To Net: NetName=5V Pin=R2-2
Added Pin To Net: NetName=5V Pin=xx555-4
Added Pin To Net: NetName=5V Pin=xx555-8
Added Net: Name=5V
Added Pin To Net: NetName=GND Pin=C1-2
Added Pin To Net: NetName=GND Pin=C2-1
Added Pin To Net: NetName=GND Pin=C3-2
Added Pin To Net: NetName=GND Pin=J1-2
Added Pin To Net: NetName=GND Pin=xx555-1
Added Net: Name=GND
Added Pin To Net: NetName=NetC2_2 Pin=C2-2
Added Pin To Net: NetName=NetC2_2 Pin=xx555-5
Added Net: Name=NetC2_2
Added Pin To Net: NetName=NetC3_1 Pin=C3-1
Added Pin To Net: NetName=NetC3_1 Pin=R3-1
Added Pin To Net: NetName=NetC3_1 Pin=xx555-2
Added Pin To Net: NetName=NetC3_1 Pin=xx555-6
Added Net: Name=NetC3_1
Added Pin To Net: NetName=NetLED1_2 Pin=LED1-2
Added Pin To Net: NetName=NetLED1_2 Pin=R1-2
Added Net: Name=NetLED1_2
Added Pin To Net: NetName=NetR1_1 Pin=R1-1
Added Pin To Net: NetName=NetR1_1 Pin=xx555-3
Added Net: Name=NetR1_1
Added Pin To Net: NetName=NetR2_1 Pin=R2-1
Added Pin To Net: NetName=NetR2_1 Pin=R3-2
Added Pin To Net: NetName=NetR2_1 Pin=xx555-7
Added Net: Name=NetR2_1
Added Class: Name=TOP
Added Room: Name=TOP
