Removed Member From Class: ClassName=STM32F446 Member=C13
Removed Member From Class: ClassName=STM32F446 Member=R14
Removed Member From Class: ClassName=STM32F446 Member=R37
Removed Member From Class: ClassName=STM32F446 Member=R40
Change Component Designator: OldDesignator=C1 NewDesignator=C12
Change Component Designator: OldDesignator=C2 NewDesignator=C13
Change Component Designator: OldDesignator=C3 NewDesignator=C17
Change Component Designator: OldDesignator=C4 NewDesignator=C18
Change Component Designator: OldDesignator=C5 NewDesignator=C10
Change Component Designator: OldDesignator=C6 NewDesignator=C11
Change Component Designator: OldDesignator=C7 NewDesignator=C1
Change Component Designator: OldDesignator=C8 NewDesignator=C4
Change Component Designator: OldDesignator=C9 NewDesignator=C5
Change Component Designator: OldDesignator=C10 NewDesignator=C6
Change Component Designator: OldDesignator=C11 NewDesignator=C7
Change Component Designator: OldDesignator=C12 NewDesignator=C8
Change Component Designator: OldDesignator=C13 NewDesignator=C9
Change Component Designator: OldDesignator=C14 NewDesignator=C2
Change Component Designator: OldDesignator=C15 NewDesignator=C3
Change Component Designator: OldDesignator=C16 NewDesignator=C14
Change Component Designator: OldDesignator=C17 NewDesignator=C15
Change Component Designator: OldDesignator=C18 NewDesignator=C16
Change Component Designator: OldDesignator=C19 NewDesignator=C30
Change Component Designator: OldDesignator=C20 NewDesignator=C31
Change Component Designator: OldDesignator=C22 NewDesignator=C32
Change Component Designator: OldDesignator=C23 NewDesignator=C33
Change Component Designator: OldDesignator=C24 NewDesignator=C19
Change Component Designator: OldDesignator=C25 NewDesignator=C20
Change Component Designator: OldDesignator=C26 NewDesignator=C34
Change Component Designator: OldDesignator=C27 NewDesignator=C35
Change Component Designator: OldDesignator=C28 NewDesignator=C36
Change Component Designator: OldDesignator=C29 NewDesignator=C37
Change Component Designator: OldDesignator=C30 NewDesignator=C38
Change Component Designator: OldDesignator=C31 NewDesignator=C39
Change Component Designator: OldDesignator=C32 NewDesignator=C40
Change Component Designator: OldDesignator=C33 NewDesignator=C41
Change Component Designator: OldDesignator=C34 NewDesignator=C21
Change Component Designator: OldDesignator=C35 NewDesignator=C22
Change Component Designator: OldDesignator=C36 NewDesignator=C23
Change Component Designator: OldDesignator=C37 NewDesignator=C24
Change Component Designator: OldDesignator=C38 NewDesignator=C25
Change Component Designator: OldDesignator=C39 NewDesignator=C26
Change Component Designator: OldDesignator=C40 NewDesignator=C27
Change Component Designator: OldDesignator=C41 NewDesignator=C28
Change Component Designator: OldDesignator=C42 NewDesignator=C29
Change Component Designator: OldDesignator=J1 NewDesignator=J2
Change Component Designator: OldDesignator=J2 NewDesignator=J1
Change Component Designator: OldDesignator=R1 NewDesignator=R6
Change Component Designator: OldDesignator=R2 NewDesignator=R7
Change Component Designator: OldDesignator=R3 NewDesignator=R8
Change Component Designator: OldDesignator=R4 NewDesignator=R5
Change Component Designator: OldDesignator=R5 NewDesignator=R9
Change Component Designator: OldDesignator=R6 NewDesignator=R10
Change Component Designator: OldDesignator=R7 NewDesignator=R11
Change Component Designator: OldDesignator=R8 NewDesignator=R27
Change Component Designator: OldDesignator=R9 NewDesignator=R1
Change Component Designator: OldDesignator=R10 NewDesignator=R29
Change Component Designator: OldDesignator=R11 NewDesignator=R12
Change Component Designator: OldDesignator=R12 NewDesignator=R13
Change Component Designator: OldDesignator=R13 NewDesignator=R16
Change Component Designator: OldDesignator=R14 NewDesignator=R2
Change Component Designator: OldDesignator=R15 NewDesignator=R31
Change Component Designator: OldDesignator=R16 NewDesignator=R32
Change Component Designator: OldDesignator=R17 NewDesignator=R33
Change Component Designator: OldDesignator=R18 NewDesignator=R34
Change Component Designator: OldDesignator=R19 NewDesignator=R35
Change Component Designator: OldDesignator=R20 NewDesignator=R36
Change Component Designator: OldDesignator=R21 NewDesignator=R37
Change Component Designator: OldDesignator=R22 NewDesignator=R38
Change Component Designator: OldDesignator=R23 NewDesignator=R39
Change Component Designator: OldDesignator=R24 NewDesignator=R40
Change Component Designator: OldDesignator=R25 NewDesignator=R18
Change Component Designator: OldDesignator=R26 NewDesignator=R19
Change Component Designator: OldDesignator=R27 NewDesignator=R14
Change Component Designator: OldDesignator=R28 NewDesignator=R21
Change Component Designator: OldDesignator=R29 NewDesignator=R23
Change Component Designator: OldDesignator=R30 NewDesignator=R22
Change Component Designator: OldDesignator=R31 NewDesignator=R17
Change Component Designator: OldDesignator=R32 NewDesignator=R24
Change Component Designator: OldDesignator=R33 NewDesignator=R15
Change Component Designator: OldDesignator=R34 NewDesignator=R20
Change Component Designator: OldDesignator=R35 NewDesignator=R25
Change Component Designator: OldDesignator=R36 NewDesignator=R26
Change Component Designator: OldDesignator=R37 NewDesignator=R3
Change Component Designator: OldDesignator=R40 NewDesignator=R4
Change Component Designator: OldDesignator=R41 NewDesignator=R28
Change Component Designator: OldDesignator=R42 NewDesignator=R30
Change Component Designator: OldDesignator=U1 NewDesignator=U5
Change Component Designator: OldDesignator=U2 NewDesignator=U1
Change Component Designator: OldDesignator=U3 NewDesignator=U6
Change Component Designator: OldDesignator=U4 NewDesignator=U7
Change Component Designator: OldDesignator=U5 NewDesignator=U2
Change Component Designator: OldDesignator=U6 NewDesignator=U3
Change Component Designator: OldDesignator=U7 NewDesignator=U8
Change Component Designator: OldDesignator=U8 NewDesignator=U9
Change Component Designator: OldDesignator=U9 NewDesignator=U10
Change Component Designator: OldDesignator=U10 NewDesignator=U11
Change Component Designator: OldDesignator=U11 NewDesignator=U4
Change Net Name : Old Net Name=NetC7_1 New Net Name=NetC1_1
Change Net Name : Old Net Name=NetC35_2 New Net Name=NetC22_2
Change Net Name : Old Net Name=NetC38_2 New Net Name=NetC25_2
Change Net Name : Old Net Name=NetC41_1 New Net Name=NetC28_1
Change Net Name : Old Net Name=NetR21_1 New Net Name=NetR37_1
Change Net Name : Old Net Name=NetR22_1 New Net Name=NetR38_1
Change Net Name : Old Net Name=NetR23_1 New Net Name=NetR39_1
Change Net Name : Old Net Name=NetR24_1 New Net Name=NetR40_1
Added Member To Class: ClassName=STM32F446 Member=Component C11 30 pF
Added Member To Class: ClassName=STM32F446 Member=Component R6 330 Ohms
Added Member To Class: ClassName=STM32F446 Member=Component R7 330 Ohms
Added Member To Class: ClassName=STM32F446 Member=Component R8 330 Ohms
