Removed Member From Class: ClassName=STM32F446 Member=C12
Removed Member From Class: ClassName=STM32F446 Member=C13
Removed Member From Class: ClassName=PWR Member=C15
Removed Member From Class: ClassName=Limit SW Member=C21
Removed Member From Class: ClassName=Limit SW Member=C22
Removed Member From Class: ClassName=Limit SW Member=C23
Removed Member From Class: ClassName=Limit SW Member=C24
Removed Member From Class: ClassName=TOOLING Member=C25
Removed Member From Class: ClassName=SERVOS Member=C26
Removed Member From Class: ClassName=TOOLING Member=C26
Removed Member From Class: ClassName=Limit SW Member=C28
Removed Member From Class: ClassName=TOOLING Member=C28
Removed Member From Class: ClassName=Limit SW Member=C40
Removed Member From Class: ClassName=PWR Member=R3
Removed Member From Class: ClassName=TOOLING Member=R3
Removed Member From Class: ClassName=TOOLING Member=R4
Removed Member From Class: ClassName=STM32F446 Member=R13
Removed Member From Class: ClassName=CAN Member=R14
Removed Member From Class: ClassName=STM32F446 Member=R14
Removed Member From Class: ClassName=Limit SW Member=R15
Removed Member From Class: ClassName=Limit SW Member=R17
Removed Member From Class: ClassName=CAN Member=R23
Removed Member From Class: ClassName=HB_MTR_DRIVE Member=R23
Removed Member From Class: ClassName=STM32F446 Member=R23
Removed Member From Class: ClassName=Limit SW Member=R25
Removed Member From Class: ClassName=PWR Member=R32
Removed Member From Class: ClassName=PWR Member=R36
Removed Member From Class: ClassName=SERVOS Member=U2
Removed Member From Class: ClassName=CAN Member=U3
Removed Member From Class: ClassName=TOOLING Member=U4
Removed Member From Class: ClassName=CAN Member=U10
Change Net Name : Old Net Name=NetC22_2 New Net Name=SW
Added Member To Class: ClassName=STM32F446 Member=Component C1 2u2
Added Member To Class: ClassName=STM32F446 Member=Component C2 4u7
Added Member To Class: ClassName=STM32F446 Member=Component C5 100n
Added Member To Class: ClassName=STM32F446 Member=Component C8 100n
Added Member To Class: ClassName=STM32F446 Member=Component C9 100n
Added Member To Class: ClassName=STM32F446 Member=Component C11 30 pF
Added Member To Class: ClassName=HB_MTR_DRIVE Member=Component C14 1 µF
Added Member To Class: ClassName=PWR Member=Component C17 10 µF
Added Member To Class: ClassName=PWR Member=Component C20 10 µF
Added Member To Class: ClassName=PWR Member=Component C27 1 µF
Added Member To Class: ClassName=SERVOS Member=Component C31 0.1 µF
Added Member To Class: ClassName=Limit SW Member=Component C32 1 µF
Added Member To Class: ClassName=Limit SW Member=Component C33 1 µF
Added Member To Class: ClassName=Limit SW Member=Component C34 1 µF
Added Member To Class: ClassName=Limit SW Member=Component C35 1 µF
Added Member To Class: ClassName=Limit SW Member=Component C36 1 µF
Added Member To Class: ClassName=Limit SW Member=Component C37 1 µF
Added Member To Class: ClassName=TOOLING Member=Component C38 1 µF
Added Member To Class: ClassName=TOOLING Member=Component C39 1 µF
Added Member To Class: ClassName=TOOLING Member=Component C41 1 µF
Added Member To Class: ClassName=STM32F446 Member=Component J2 TSW-102-07-L-S
Added Member To Class: ClassName=STM32F446 Member=Component R2 10 kOhms
Added Member To Class: ClassName=STM32F446 Member=Component R3 10 kOhms
Added Member To Class: ClassName=STM32F446 Member=Component R4 10 kOhms
Added Member To Class: ClassName=STM32F446 Member=Component R5 10 kOhms
Added Member To Class: ClassName=STM32F446 Member=Component R6 330 Ohms
Added Member To Class: ClassName=STM32F446 Member=Component R7 330 Ohms
Added Member To Class: ClassName=STM32F446 Member=Component R8 330 Ohms
Added Member To Class: ClassName=HB_MTR_DRIVE Member=Component R10 10 kOhms
Added Member To Class: ClassName=HB_MTR_DRIVE Member=Component R11 10 kOhms
Added Member To Class: ClassName=HB_MTR_DRIVE Member=Component R12 33 kOhms
Added Member To Class: ClassName=PWR Member=Component R16 330 Ohms
Added Member To Class: ClassName=PWR Member=Component R20 10 kOhms
Added Member To Class: ClassName=PWR Member=Component R21 500 Ohms
Added Member To Class: ClassName=CAN Member=Component R27 120 Ohms
Added Member To Class: ClassName=CAN Member=Component R29 120 Ohms
Added Member To Class: ClassName=Limit SW Member=Component R31 1 kOhms
Added Member To Class: ClassName=Limit SW Member=Component R33 1 kOhms
Added Member To Class: ClassName=Limit SW Member=Component R35 1 kOhms
Added Member To Class: ClassName=TOOLING Member=Component R37 100 kOhms
Added Member To Class: ClassName=TOOLING Member=Component R40 100 kOhms
Added Member To Class: ClassName=SERVOS Member=Component U5 TXB0104PWR
Added Member To Class: ClassName=CAN Member=Component U6 SN65HVD230DR
Added Member To Class: ClassName=CAN Member=Component U7 SN65HVD230DR
Added Member To Class: ClassName=TOOLING Member=Component U8 TPS22919DCKR
Added Member To Class: ClassName=TOOLING Member=Component U9 TPS22919DCKR
Added Member To Class: ClassName=TOOLING Member=Component U11 TPS22919DCKR
