Removed Pin From Net: NetName=DO_PB12 Pin=U1-33
Removed Pin From Net: NetName=\ Pin=U1-34
Removed Pin From Net: NetName=DO_PB14 Pin=U1-35
Removed Pin From Net: NetName=DO_PB15 Pin=U1-36
Removed Pin From Net: NetName=DO_PC6 Pin=U1-37
Removed Pin From Net: NetName=DO_PC7 Pin=U1-38
Change Component Designator: OldDesignator=LSW1 NewDesignator=J14
Change Component Designator: OldDesignator=LSW2 NewDesignator=J11
Change Component Designator: OldDesignator=LSW3 NewDesignator=J15
Change Component Designator: OldDesignator=LSW4 NewDesignator=J12
Change Component Designator: OldDesignator=LSW5 NewDesignator=J16
Change Component Designator: OldDesignator=LSW6 NewDesignator=J13
Change Component Designator: OldDesignator=S1 NewDesignator=J5
Change Component Designator: OldDesignator=S2 NewDesignator=J6
Change Component Designator: OldDesignator=S3 NewDesignator=J7
Change Component Designator: OldDesignator=S4 NewDesignator=J8
Change Net Name : Old Net Name=DO_PB12 New Net Name=LSW_6
Change Net Name : Old Net Name=DO_PB14 New Net Name=LSW_2
Change Net Name : Old Net Name=DO_PB15 New Net Name=LSW_5
Change Net Name : Old Net Name=DO_PC6 New Net Name=LSW_3
Change Net Name : Old Net Name=DO_PC7 New Net Name=LSW_1
Added Pin To Net: NetName=DO_PB12 Pin=U1-33
Added Net: Name=DO_PB12
Added Pin To Net: NetName=DO_PB13 Pin=U1-34
Added Net: Name=DO_PB13
Added Pin To Net: NetName=DO_PB14 Pin=U1-35
Added Net: Name=DO_PB14
Added Pin To Net: NetName=DO_PB15 Pin=U1-36
Added Net: Name=DO_PB15
Added Pin To Net: NetName=DO_PC6 Pin=U1-37
Added Net: Name=DO_PC6
Added Pin To Net: NetName=DO_PC7 Pin=U1-38
Added Net: Name=DO_PC7
Added Member To Class: ClassName=SERVOS Member=Component J6 22-11-2032
